
> backend@0.1.0 develop
> strapi develop

node.exe : - Loading Strapi
At line:1 char:1
+ & "C:\Program Files\nodejs/node.exe" "C:\Program Files\nodejs/node_mo ...
+ ~~~~~~~~~~~~~~~~~~~~~~~~~~~~~~~~~~~~~~~~~~~~~~~~~~~~~~~~~~~~~~~~~~~~~
    + CategoryInfo          : NotSpecified: (- Loading Strapi:String) [], RemoteException
    + FullyQualifiedErrorId : NativeCommandError
 
[2026-07-11 22:40:03.162] [33mwarn[39m: [email]: The "sendmail" email provider is still supported, but for most production setups that use a dedicated SMTP relay, consider switching to @strapi/provider-email-nodemailer (set `provider` to `"nodemailer"` in your email plugin config). This message is only shown in non-production environments.
- Building build context
√ Building build context (66ms)
- Creating admin
[33mThe CJS build of Vite's Node API is deprecated. See 
https://vite.dev/guide/troubleshooting.html#vite-cjs-node-api-deprecated for more details.[39m
√ Creating admin (1853ms)
√ Loading Strapi (8933ms)
- Generating types
√ Generating types (3092ms)

 Project information

[90m╭────────────────────[39m[90m┬──────────────────────────────────────────────────╮[39m
[90m│[39m Time               [90m│[39m Sat Jul 11 2026 22:40:08 GMT+0300 (East Africa … [90m│[39m
[90m│[39m Launched in        [90m│[39m 12233 ms                                         [90m│[39m
[90m│[39m Environment        [90m│[39m development                                      [90m│[39m
[90m│[39m Process PID        [90m│[39m 25644                                            [90m│[39m
[90m│[39m Version            [90m│[39m 5.50.1 (node v22.18.0)                           [90m│[39m
[90m│[39m Edition            [90m│[39m Community                                        [90m│[39m
[90m│[39m Database           [90m│[39m sqlite                                           [90m│[39m
[90m│[39m Database name      [90m│[39m .tmp\data.db                                     [90m│[39m
[90m╰────────────────────[39m[90m┴──────────────────────────────────────────────────╯[39m

 Actions available

Welcome back!
To access the server ⚡️, go to:
http://localhost:1337

[2026-07-11 22:40:09.036] [32minfo[39m: Strapi started successfully
[2026-07-11 22:41:29.603] [32mhttp[39m: GET /api/lotteries?populate[draws][populate]=prizeImage (46 ms) 404
[2026-07-11 22:41:42.543] [32mhttp[39m: GET /admin (104 ms) 200
[2026-07-11 22:42:16.756] [32mhttp[39m: GET /api/lotteries?populate%5Bdraws%5D%5Bpopulate%5D=prizeImage (365 ms) 404
[2026-07-11 22:42:20.417] [32mhttp[39m: GET /admin (1328 ms) 200
[2026-07-11 22:42:37.005] [32mhttp[39m: GET /admin/project-type (10 ms) 200
[2026-07-11 22:42:37.188] [32mhttp[39m: GET /favicon.ico (5 ms) 200
[2026-07-11 22:42:37.493] [32mhttp[39m: GET /admin/init (9 ms) 200
[2026-07-11 22:43:12.841] [32mhttp[39m: POST /admin/login (324 ms) 200
[2026-07-11 22:43:12.993] [32mhttp[39m: GET /admin/users/me (123 ms) 200
[2026-07-11 22:43:13.087] [32mhttp[39m: GET /admin/users/me/permissions (90 ms) 200
[2026-07-11 22:43:13.160] [32mhttp[39m: GET /admin/telemetry-properties (70 ms) 200
[2026-07-11 22:43:13.218] [32mhttp[39m: GET /admin/information (57 ms) 200
[2026-07-11 22:43:13.403] [32mhttp[39m: GET /admin/license-limit-information (15 ms) 200
[2026-07-11 22:43:13.463] [32mhttp[39m: GET /admin/guided-tour-meta (59 ms) 200
[2026-07-11 22:43:13.505] [32mhttp[39m: GET /admin/homepage/layout (96 ms) 200
[2026-07-11 22:43:13.561] [32mhttp[39m: GET /content-manager/homepage/count-documents (55 ms) 200
[2026-07-11 22:43:13.604] [32mhttp[39m: GET /admin/homepage/key-statistics (41 ms) 200
[2026-07-11 22:43:14.082] [32mhttp[39m: GET /content-manager/homepage/recent-documents?action=update (120 ms) 200
[2026-07-11 22:43:14.137] [32mhttp[39m: GET /content-manager/homepage/recent-documents?action=publish (54 ms) 200
[2026-07-11 22:44:45.717] [32minfo[39m: File created: C:\Users\ASUS\Desktop\Lottery\backend\src\api\draw\routes\01-draw-execute.js
[2026-07-11 22:44:45.721] [32minfo[39m: File created: C:\Users\ASUS\Desktop\Lottery\backend\src\api\draw\routes\draw.js
[2026-07-11 22:44:45.722] [32minfo[39m: File created: C:\Users\ASUS\Desktop\Lottery\backend\src\api\draw\services\draw.js
[2026-07-11 22:44:45.726] [32minfo[39m: File created: C:\Users\ASUS\Desktop\Lottery\backend\src\api\lottery\routes\lottery.js
[2026-07-11 22:44:45.727] [32minfo[39m: File created: C:\Users\ASUS\Desktop\Lottery\backend\src\api\lottery\services\lottery.js
[2026-07-11 22:44:45.742] [32minfo[39m: Shutting down Strapi
[2026-07-11 22:44:45.752] [32minfo[39m: Strapi has been shut down
- Loading Strapi
[2026-07-11 22:45:03.888] [33mwarn[39m: [email]: The "sendmail" email provider is still supported, but for most production setups that use a dedicated SMTP relay, consider switching to @strapi/provider-email-nodemailer (set `provider` to `"nodemailer"` in your email plugin config). This message is only shown in non-production environments.
- Building build context
√ Building build context (56ms)
- Creating admin
[33mThe CJS build of Vite's Node API is deprecated. See 
https://vite.dev/guide/troubleshooting.html#vite-cjs-node-api-deprecated for more details.[39m
√ Creating admin (1631ms)
√ Loading Strapi (10160ms)
- Generating types
√ Generating types (1212ms)

 Project information

[90m╭────────────────────[39m[90m┬──────────────────────────────────────────────────╮[39m
[90m│[39m Time               [90m│[39m Sat Jul 11 2026 22:45:07 GMT+0300 (East Africa … [90m│[39m
[90m│[39m Launched in        [90m│[39m 11450 ms                                         [90m│[39m
[90m│[39m Environment        [90m│[39m development                                      [90m│[39m
[90m│[39m Process PID        [90m│[39m 16536                                            [90m│[39m
[90m│[39m Version            [90m│[39m 5.50.1 (node v22.18.0)                           [90m│[39m
[90m│[39m Edition            [90m│[39m Community                                        [90m│[39m
[90m│[39m Database           [90m│[39m sqlite                                           [90m│[39m
[90m│[39m Database name      [90m│[39m .tmp\data.db                                     [90m│[39m
[90m╰────────────────────[39m[90m┴──────────────────────────────────────────────────╯[39m

 Actions available

Welcome back!
To access the server ⚡️, go to:
http://localhost:1337

[2026-07-11 22:45:07.893] [32minfo[39m: Strapi started successfully
[2026-07-11 22:45:08.247] [32mhttp[39m: GET /admin (202 ms) 200
[2026-07-11 22:45:11.306] [32mhttp[39m: GET /admin/project-type (13 ms) 200
[2026-07-11 22:45:11.884] [32mhttp[39m: GET /admin/init (14 ms) 200
[2026-07-11 22:45:11.986] [32mhttp[39m: GET /admin/users/me (99 ms) 200
[2026-07-11 22:45:12.062] [32mhttp[39m: GET /admin/users/me/permissions (74 ms) 200
[2026-07-11 22:45:12.168] [32mhttp[39m: GET /admin/telemetry-properties (170 ms) 200
[2026-07-11 22:45:12.177] [32mhttp[39m: GET /admin/information (184 ms) 200
[2026-07-11 22:45:12.410] [32mhttp[39m: GET /admin/license-limit-information (25 ms) 200
[2026-07-11 22:45:12.496] [32mhttp[39m: GET /content-manager/homepage/count-documents (70 ms) 200
[2026-07-11 22:45:12.549] [32mhttp[39m: GET /admin/guided-tour-meta (135 ms) 200
[2026-07-11 22:45:12.601] [32mhttp[39m: GET /admin/homepage/layout (180 ms) 200
[2026-07-11 22:45:12.683] [32mhttp[39m: GET /admin/homepage/key-statistics (185 ms) 200
[2026-07-11 22:45:13.432] [32mhttp[39m: GET /content-manager/homepage/recent-documents?action=update (135 ms) 200
[2026-07-11 22:45:13.479] [32mhttp[39m: GET /content-manager/homepage/recent-documents?action=publish (45 ms) 200
[2026-07-11 22:45:13.525] [32mhttp[39m: GET /api/lotteries?filters%5BlotteryStatus%5D%5B%24ne%5D=draft (39 ms) 200
[2026-07-11 22:45:13.596] [32mhttp[39m: GET /api/lotteries?populate%5Bdraws%5D%5Bpopulate%5D=prizeImage&filters%5BlotteryStatus%5D%5B%24ne%5D=draft (47 ms) 200
[2026-07-11 22:45:13.616] [32mhttp[39m: GET /api/tickets (6 ms) 403
[2026-07-11 22:45:13.995] [32mhttp[39m: POST /api/tickets (362 ms) 200
[2026-07-11 22:45:14.224] [32mhttp[39m: POST /api/tickets (221 ms) 200
[2026-07-11 22:45:14.446] [32mhttp[39m: POST /api/tickets (213 ms) 200
[2026-07-11 22:45:14.464] [32mhttp[39m: POST /api/tickets (11 ms) 400
[2026-07-11 22:45:14.762] [32mhttp[39m: POST /admin/login (286 ms) 200
[2026-07-11 22:45:14.916] [32mhttp[39m: PUT /content-manager/collection-types/api::ticket.ticket/wv40ckvx17ahgnfbwicwk2vr (143 ms) 200
[2026-07-11 22:45:15.034] [32mhttp[39m: PUT /content-manager/collection-types/api::ticket.ticket/e9wxxm4n3f8ocxvn5fkwgnmf (100 ms) 200
[2026-07-11 22:45:15.143] [32mhttp[39m: PUT /content-manager/collection-types/api::ticket.ticket/ypskb17mol7z8932o0696fht (92 ms) 200
[2026-07-11 22:45:15.211] [32mhttp[39m: POST /admin/api-tokens (59 ms) 201
[2026-07-11 22:45:15.223] [32mhttp[39m: POST /api/draws/hr2nj8814y31bdajhq0s2thz/execute (4 ms) 403
[2026-07-11 22:45:15.301] [32minfo[39m: Draw hr2nj8814y31bdajhq0s2thz (#1) executed: winner ticket 229714 out of 3 eligible
[2026-07-11 22:45:15.301] [32mhttp[39m: POST /api/draws/hr2nj8814y31bdajhq0s2thz/execute (68 ms) 200
[2026-07-11 22:45:15.375] [32minfo[39m: Draw liwe14w7v5zg50r2na7n6b3r (#2) executed: winner ticket 019113 out of 2 eligible
[2026-07-11 22:45:15.376] [32mhttp[39m: POST /api/draws/liwe14w7v5zg50r2na7n6b3r/execute (62 ms) 200
[2026-07-11 22:45:15.416] [32mhttp[39m: POST /api/draws/hr2nj8814y31bdajhq0s2thz/execute (11 ms) 400
[2026-07-11 22:45:15.456] [32mhttp[39m: GET /api/draws/hr2nj8814y31bdajhq0s2thz (11 ms) 200
[2026-07-11 22:47:55.926] [32mhttp[39m: GET /admin (23 ms) 200
[2026-07-11 22:47:57.286] [32mhttp[39m: GET /admin/project-type (8 ms) 200
[2026-07-11 22:47:57.839] [32mhttp[39m: GET /admin/init (11 ms) 200
[2026-07-11 22:47:57.909] [32mhttp[39m: GET /admin/users/me (69 ms) 200
[2026-07-11 22:47:57.971] [32mhttp[39m: GET /admin/users/me/permissions (126 ms) 200
[2026-07-11 22:47:58.045] [32mhttp[39m: GET /admin/telemetry-properties (65 ms) 200
[2026-07-11 22:47:58.048] [32mhttp[39m: GET /admin/information (72 ms) 200
[2026-07-11 22:47:58.152] [32mhttp[39m: GET /admin/license-limit-information (15 ms) 200
[2026-07-11 22:47:58.209] [32mhttp[39m: GET /content-manager/homepage/count-documents (48 ms) 200
[2026-07-11 22:47:58.255] [32mhttp[39m: GET /admin/guided-tour-meta (102 ms) 200
[2026-07-11 22:47:58.298] [32mhttp[39m: GET /admin/homepage/layout (140 ms) 200
[2026-07-11 22:47:58.367] [32mhttp[39m: GET /admin/homepage/key-statistics (67 ms) 200
[2026-07-11 22:47:58.743] [32mhttp[39m: GET /content-manager/homepage/recent-documents?action=update (87 ms) 200
[2026-07-11 22:47:58.782] [32mhttp[39m: GET /content-manager/homepage/recent-documents?action=publish (37 ms) 200
[2026-07-11 22:48:19.802] [32mhttp[39m: GET /content-manager/init (42 ms) 200
[2026-07-11 22:48:19.903] [32mhttp[39m: GET /content-manager/content-types-settings (96 ms) 200
[2026-07-11 22:48:20.118] [32mhttp[39m: GET /content-manager/init (42 ms) 200
[2026-07-11 22:48:20.244] [32mhttp[39m: GET /content-manager/content-types/api::ad.ad/configuration (42 ms) 200
[2026-07-11 22:48:20.319] [32mhttp[39m: GET /content-manager/collection-types/api::ad.ad?page=1&pageSize=10&sort=sponsorName%3AASC (53 ms) 200
[2026-07-11 22:48:26.799] [32mhttp[39m: GET /upload/settings (43 ms) 200
[2026-07-11 22:48:26.831] [32mhttp[39m: GET /upload/configuration (31 ms) 200
[2026-07-11 22:48:26.960] [32mhttp[39m: GET /upload/files?sort=createdAt:DESC&page=1&pageSize=10&filters[$and][0][folder][id][$null]=true (57 ms) 200
[2026-07-11 22:48:27.015] [32mhttp[39m: GET /upload/folders?sort=createdAt:DESC&page=1&pageSize=10&pagination[pageSize]=-1&filters[$and][0][parent][id][$null]=true (43 ms) 200
[2026-07-11 22:48:27.253] [32mhttp[39m: GET /upload/settings (38 ms) 200
[2026-07-11 22:48:27.281] [32mhttp[39m: GET /uploads/receipt_a6a1e9e1d3.png?updatedAt=2026-07-11T19%3A45%3A14.397Z (16 ms) 200
[2026-07-11 22:48:27.283] [32mhttp[39m: GET /uploads/receipt_65e8da24fc.png?updatedAt=2026-07-11T19%3A45%3A14.181Z (9 ms) 200
[2026-07-11 22:48:27.294] [32mhttp[39m: GET /uploads/receipt_9e207eb730.png?updatedAt=2026-07-11T19%3A45%3A13.935Z (5 ms) 200
[2026-07-11 23:03:41.625] [32mhttp[39m: GET /api/lotteries?filters%5BlotteryStatus%5D%5B%24ne%5D=draft (20 ms) 200
[2026-07-11 23:03:47.937] [32mhttp[39m: GET /api/lotteries?filters%5BlotteryStatus%5D%5B%24ne%5D=draft&populate%5Bdraws%5D%5Bpopulate%5D=prizeImage&sort=createdAt%3Adesc (32 ms) 200
[2026-07-11 23:03:47.967] [32mhttp[39m: GET /api/ads?filters[active][$eq]=true&populate=image&sort=order:asc (26 ms) 200
[2026-07-11 23:03:51.425] [32mhttp[39m: GET /api/lotteries/zosyj6eoerary1c6zmsv72s9?populate[draws][populate]=prizeImage (21 ms) 200
[2026-07-11 23:04:24.006] [32mhttp[39m: GET /api/lotteries?filters%5BlotteryStatus%5D%5B%24ne%5D=draft&populate%5Bdraws%5D%5Bpopulate%5D=prizeImage&sort=createdAt%3Adesc (41 ms) 200
[2026-07-11 23:04:27.134] [32mhttp[39m: GET /api/lotteries/zosyj6eoerary1c6zmsv72s9?populate[draws][populate]=prizeImage (22 ms) 200
[2026-07-11 23:06:26.529] [32mhttp[39m: GET /api/lotteries?filters%5BlotteryStatus%5D%5B%24ne%5D=draft&populate%5Bdraws%5D%5Bpopulate%5D=prizeImage&sort=createdAt%3Adesc (70 ms) 200
[2026-07-11 23:06:26.579] [32mhttp[39m: GET /api/ads?filters[active][$eq]=true&populate=image&sort=order:asc (42 ms) 200
[2026-07-11 23:06:43.920] [32mhttp[39m: GET /api/lotteries/zosyj6eoerary1c6zmsv72s9?populate[draws][populate]=prizeImage (34 ms) 200
[2026-07-11 23:08:28.287] [32mhttp[39m: GET /api/lotteries?filters%5BlotteryStatus%5D%5B%24ne%5D=draft&populate%5Bdraws%5D%5Bpopulate%5D=prizeImage&sort=createdAt%3Adesc (78 ms) 200
[2026-07-11 23:08:28.339] [32mhttp[39m: GET /api/ads?filters[active][$eq]=true&populate=image&sort=order:asc (42 ms) 200
[2026-07-11 23:08:35.916] [32mhttp[39m: GET /api/lotteries/zosyj6eoerary1c6zmsv72s9?populate[draws][populate]=prizeImage (42 ms) 200
[2026-07-11 23:12:09.617] [32mhttp[39m: GET /api/lotteries?filters%5BlotteryStatus%5D%5B%24ne%5D=draft&populate%5Bdraws%5D%5Bpopulate%5D=prizeImage&sort=createdAt%3Adesc (68 ms) 200
[2026-07-11 23:12:09.678] [32mhttp[39m: GET /api/ads?filters[active][$eq]=true&populate=image&sort=order:asc (49 ms) 200
[2026-07-11 23:13:02.378] [32mhttp[39m: POST /admin/access-token (62 ms) 200
[2026-07-11 23:13:45.642] [32mhttp[39m: GET /api/lotteries/zosyj6eoerary1c6zmsv72s9?populate[draws][populate]=prizeImage (38 ms) 200
[2026-07-11 23:14:06.386] [32mhttp[39m: GET /api/lotteries?filters%5BlotteryStatus%5D%5B%24ne%5D=draft&populate%5Bdraws%5D%5Bpopulate%5D=prizeImage&sort=createdAt%3Adesc (52 ms) 200
[2026-07-11 23:14:06.445] [32mhttp[39m: GET /api/ads?filters[active][$eq]=true&populate=image&sort=order:asc (47 ms) 200
[2026-07-11 23:14:22.574] [32mhttp[39m: GET /api/lotteries?filters%5BlotteryStatus%5D%5B%24ne%5D=draft (36 ms) 200
[2026-07-11 23:20:47.263] [32minfo[39m: File changed: C:\Users\ASUS\Desktop\Lottery\backend\src\api\lottery\controllers\lottery.js
[2026-07-11 23:20:47.268] [32minfo[39m: File changed: C:\Users\ASUS\Desktop\Lottery\backend\src\api\ticket\controllers\ticket.js
[2026-07-11 23:20:47.271] [32minfo[39m: File changed: C:\Users\ASUS\Desktop\Lottery\backend\src\index.js
[2026-07-11 23:20:47.389] [32minfo[39m: Shutting down Strapi
[2026-07-11 23:20:47.408] [32minfo[39m: Strapi has been shut down
- Loading Strapi
[2026-07-11 23:21:06.125] [33mwarn[39m: [email]: The "sendmail" email provider is still supported, but for most production setups that use a dedicated SMTP relay, consider switching to @strapi/provider-email-nodemailer (set `provider` to `"nodemailer"` in your email plugin config). This message is only shown in non-production environments.
[2026-07-11 23:21:06.867] [32minfo[39m: Granted Public permission: api::ticket.ticket.check
[2026-07-11 23:21:06.892] [32minfo[39m: Granted Public permission: api::lottery.lottery.stats
- Building build context
√ Building build context (50ms)
- Creating admin
[33mThe CJS build of Vite's Node API is deprecated. See 
https://vite.dev/guide/troubleshooting.html#vite-cjs-node-api-deprecated for more details.[39m
√ Creating admin (3707ms)
√ Loading Strapi (11729ms)
- Generating types
√ Generating types (759ms)

 Project information

[90m╭────────────────────[39m[90m┬──────────────────────────────────────────────────╮[39m
[90m│[39m Time               [90m│[39m Sat Jul 11 2026 23:21:11 GMT+0300 (East Africa … [90m│[39m
[90m│[39m Launched in        [90m│[39m 12594 ms                                         [90m│[39m
[90m│[39m Environment        [90m│[39m development                                      [90m│[39m
[90m│[39m Process PID        [90m│[39m 23824                                            [90m│[39m
[90m│[39m Version            [90m│[39m 5.50.1 (node v22.18.0)                           [90m│[39m
[90m│[39m Edition            [90m│[39m Community                                        [90m│[39m
[90m│[39m Database           [90m│[39m sqlite                                           [90m│[39m
[90m│[39m Database name      [90m│[39m .tmp\data.db                                     [90m│[39m
[90m╰────────────────────[39m[90m┴──────────────────────────────────────────────────╯[39m

 Actions available

Welcome back!
To access the server ⚡️, go to:
http://localhost:1337

[2026-07-11 23:21:11.589] [32minfo[39m: Strapi started successfully
[2026-07-11 23:21:14.227] [32mhttp[39m: GET /api/lotteries/zosyj6eoerary1c6zmsv72s9?populate[draws][populate]=prizeImage (153 ms) 200
[2026-07-11 23:21:21.643] [32mhttp[39m: GET /api/lotteries?filters%5BlotteryStatus%5D%5B%24ne%5D=draft&populate%5Bdraws%5D%5Bpopulate%5D=prizeImage&sort=createdAt%3Adesc (181 ms) 200
[2026-07-11 23:21:21.727] [32mhttp[39m: GET /api/ads?filters[active][$eq]=true&populate=image&sort=order:asc (62 ms) 200
[2026-07-11 23:24:13.108] [32mhttp[39m: GET /api/lotteries?filters%5BlotteryStatus%5D%5B%24ne%5D=draft&populate%5Bdraws%5D%5Bpopulate%5D=prizeImage&sort=createdAt%3Adesc (93 ms) 200
[2026-07-11 23:24:13.177] [32mhttp[39m: GET /api/ads?filters[active][$eq]=true&populate=image&sort=order:asc (52 ms) 200
[2026-07-11 23:24:58.545] [32mhttp[39m: GET /api/lotteries?filters%5BlotteryStatus%5D%5B%24ne%5D=draft&populate%5Bdraws%5D%5Bpopulate%5D=prizeImage&sort=createdAt%3Adesc (56 ms) 200
[2026-07-11 23:25:07.793] [32mhttp[39m: GET /api/lotteries/zosyj6eoerary1c6zmsv72s9?populate[draws][populate]=prizeImage (50 ms) 200
[2026-07-11 23:28:15.193] [32mhttp[39m: GET /api/lotteries/zosyj6eoerary1c6zmsv72s9/stats (17 ms) 200
[2026-07-11 23:28:15.409] [32mhttp[39m: GET /api/lotteries/zosyj6eoerary1c6zmsv72s9/stats (19 ms) 200
[2026-07-11 23:29:19.125] [32mhttp[39m: GET /api/lotteries?populate%5Bdraws%5D%5Bpopulate%5D=prizeImage&sort=createdAt%3Adesc&filters%5BlotteryStatus%5D%5B%24ne%5D=draft (40 ms) 200
[2026-07-11 23:29:19.630] [32mhttp[39m: GET /api/lotteries?filters%5BlotteryStatus%5D%5B%24ne%5D=draft&populate%5Bdraws%5D%5Bpopulate%5D=prizeImage&sort=createdAt%3Adesc (50 ms) 200
[2026-07-11 23:29:19.715] [32mhttp[39m: GET /api/ads?filters[active][$eq]=true&populate=image&sort=order:asc (26 ms) 200
[2026-07-11 23:29:19.729] [32mhttp[39m: GET /api/lotteries/zosyj6eoerary1c6zmsv72s9/stats (9 ms) 200
[2026-07-11 23:32:24.164] [32mhttp[39m: GET /api/lotteries?filters%5BlotteryStatus%5D%5B%24ne%5D=draft&populate%5Bdraws%5D%5Bpopulate%5D=prizeImage&sort=createdAt%3Adesc (69 ms) 200
[2026-07-11 23:32:24.214] [32mhttp[39m: GET /api/ads?filters[active][$eq]=true&populate=image&sort=order:asc (41 ms) 200
[2026-07-11 23:32:24.241] [32mhttp[39m: GET /api/lotteries/zosyj6eoerary1c6zmsv72s9/stats (17 ms) 200
[2026-07-11 23:33:59.287] [32mhttp[39m: GET /api/lotteries?filters%5BlotteryStatus%5D%5B%24ne%5D=draft&populate%5Bdraws%5D%5Bpopulate%5D=prizeImage&sort=createdAt%3Adesc (65 ms) 200
[2026-07-11 23:33:59.336] [32mhttp[39m: GET /api/ads?filters[active][$eq]=true&populate=image&sort=order:asc (34 ms) 200
[2026-07-11 23:33:59.354] [32mhttp[39m: GET /api/lotteries/zosyj6eoerary1c6zmsv72s9/stats (11 ms) 200
[2026-07-11 23:33:59.991] [32mhttp[39m: GET /api/lotteries/zosyj6eoerary1c6zmsv72s9?populate[draws][populate]=prizeImage (19 ms) 200
[2026-07-11 23:34:00.729] [32mhttp[39m: GET /api/lotteries?populate%5Bdraws%5D%5Bpopulate%5D=prizeImage&sort=createdAt%3Adesc&filters%5BlotteryStatus%5D%5B%24ne%5D=draft (31 ms) 200
[2026-07-11 23:34:56.151] [32mhttp[39m: GET /api/lotteries?filters%5BlotteryStatus%5D%5B%24ne%5D=draft&populate%5Bdraws%5D%5Bpopulate%5D=prizeImage&sort=createdAt%3Adesc (30 ms) 200
[2026-07-11 23:34:56.169] [32mhttp[39m: GET /api/lotteries/zosyj6eoerary1c6zmsv72s9/stats (12 ms) 200
[2026-07-11 23:35:01.608] [32mhttp[39m: GET /api/lotteries/zosyj6eoerary1c6zmsv72s9?populate[draws][populate]=prizeImage (33 ms) 200
[2026-07-11 23:35:07.066] [32mhttp[39m: GET /api/lotteries?populate%5Bdraws%5D%5Bpopulate%5D=prizeImage&sort=createdAt%3Adesc&filters%5BlotteryStatus%5D%5B%24ne%5D=draft (62 ms) 200
[2026-07-11 23:36:24.338] [32mhttp[39m: GET /api/lotteries/zosyj6eoerary1c6zmsv72s9?populate[draws][populate]=prizeImage (40 ms) 200
[2026-07-11 23:36:36.721] [32mhttp[39m: GET /api/lotteries?filters%5BlotteryStatus%5D%5B%24ne%5D=draft&populate%5Bdraws%5D%5Bpopulate%5D=prizeImage&sort=createdAt%3Adesc (47 ms) 200
[2026-07-11 23:36:36.760] [32mhttp[39m: GET /api/ads?filters[active][$eq]=true&populate=image&sort=order:asc (29 ms) 200
[2026-07-11 23:36:36.783] [32mhttp[39m: GET /api/lotteries/zosyj6eoerary1c6zmsv72s9/stats (14 ms) 200
[2026-07-11 23:37:16.210] [32mhttp[39m: GET /api/lotteries?filters%5BlotteryStatus%5D%5B%24ne%5D=draft&populate%5Bdraws%5D%5Bpopulate%5D=prizeImage&sort=createdAt%3Adesc (32 ms) 200
[2026-07-11 23:37:16.225] [32mhttp[39m: GET /api/lotteries/zosyj6eoerary1c6zmsv72s9/stats (10 ms) 200
[2026-07-11 23:38:27.576] [32mhttp[39m: GET /api/lotteries/zosyj6eoerary1c6zmsv72s9?populate[draws][populate]=prizeImage (26 ms) 200
[2026-07-11 23:38:32.236] [32mhttp[39m: GET /api/lotteries?populate%5Bdraws%5D%5Bpopulate%5D=prizeImage&sort=createdAt%3Adesc&filters%5BlotteryStatus%5D%5B%24ne%5D=draft (48 ms) 200
[2026-07-11 23:38:45.397] [32mhttp[39m: GET /api/lotteries?filters%5BlotteryStatus%5D%5B%24ne%5D=draft&populate%5Bdraws%5D%5Bpopulate%5D=prizeImage&sort=createdAt%3Adesc (46 ms) 200
[2026-07-11 23:38:45.437] [32mhttp[39m: GET /api/ads?filters[active][$eq]=true&populate=image&sort=order:asc (31 ms) 200
[2026-07-11 23:38:45.457] [32mhttp[39m: GET /api/lotteries/zosyj6eoerary1c6zmsv72s9/stats (13 ms) 200
[2026-07-11 23:39:21.885] [32mhttp[39m: GET /api/lotteries?filters%5BlotteryStatus%5D%5B%24ne%5D=draft&populate%5Bdraws%5D%5Bpopulate%5D=prizeImage&sort=createdAt%3Adesc (44 ms) 200
[2026-07-11 23:39:21.911] [32mhttp[39m: GET /api/lotteries/zosyj6eoerary1c6zmsv72s9/stats (17 ms) 200
[2026-07-11 23:39:31.976] [32mhttp[39m: GET /api/lotteries/zosyj6eoerary1c6zmsv72s9?populate[draws][populate]=prizeImage (43 ms) 200
[2026-07-11 23:39:39.005] [32mhttp[39m: GET /api/lotteries/zosyj6eoerary1c6zmsv72s9/stats (19 ms) 200
[2026-07-11 23:39:40.776] [32mhttp[39m: GET /admin (192 ms) 200
[2026-07-11 23:39:43.272] [32mhttp[39m: GET /admin/project-type (14 ms) 200
[2026-07-11 23:39:43.621] [32mhttp[39m: GET /admin/init (9 ms) 200
[2026-07-11 23:39:43.678] [32mhttp[39m: GET /admin/users/me (56 ms) 200
[2026-07-11 23:39:43.717] [32mhttp[39m: GET /admin/users/me/permissions (90 ms) 200
[2026-07-11 23:39:43.785] [32mhttp[39m: GET /admin/telemetry-properties (62 ms) 200
[2026-07-11 23:39:43.786] [32mhttp[39m: GET /admin/information (67 ms) 200
[2026-07-11 23:39:44.000] [32mhttp[39m: GET /admin/guided-tour-meta (53 ms) 200
[2026-07-11 23:39:44.081] [32mhttp[39m: GET /content-manager/homepage/count-documents (65 ms) 200
[2026-07-11 23:39:44.129] [32mhttp[39m: GET /admin/homepage/layout (118 ms) 200
[2026-07-11 23:39:44.181] [32mhttp[39m: GET /admin/homepage/key-statistics (99 ms) 200
[2026-07-11 23:39:44.207] [32mhttp[39m: GET /admin/license-limit-information (203 ms) 200
[2026-07-11 23:39:44.748] [32mhttp[39m: GET /content-manager/homepage/recent-documents?action=update (97 ms) 200
[2026-07-11 23:39:44.789] [32mhttp[39m: GET /content-manager/homepage/recent-documents?action=publish (39 ms) 200
[2026-07-11 23:42:52.563] [32mhttp[39m: POST /admin/access-token (137 ms) 200
[2026-07-11 23:43:53.325] [32mhttp[39m: POST /api/tickets/check (8 ms) 200
[2026-07-11 23:43:53.360] [32mhttp[39m: POST /api/tickets/check (5 ms) 200
[2026-07-11 23:43:53.410] [32mhttp[39m: GET /api/lotteries/zosyj6eoerary1c6zmsv72s9/stats (7 ms) 200
[2026-07-11 23:47:32.855] [32mhttp[39m: GET /api/lotteries?filters%5BlotteryStatus%5D%5B%24ne%5D=draft&populate%5Bdraws%5D%5Bpopulate%5D=prizeImage&sort=createdAt%3Adesc (29 ms) 200
[2026-07-11 23:47:32.879] [32mhttp[39m: GET /api/ads?filters[active][$eq]=true&populate=image&sort=order:asc (19 ms) 200
[2026-07-11 23:47:32.890] [32mhttp[39m: GET /api/lotteries/zosyj6eoerary1c6zmsv72s9/stats (7 ms) 200
[2026-07-11 23:47:42.549] [32mhttp[39m: GET /api/lotteries?filters%5BlotteryStatus%5D%5B%24ne%5D=draft&populate%5Bdraws%5D%5Bpopulate%5D=prizeImage&sort=createdAt%3Adesc (18 ms) 200
[2026-07-11 23:47:42.561] [32mhttp[39m: GET /api/lotteries/zosyj6eoerary1c6zmsv72s9/stats (8 ms) 200
[2026-07-11 23:47:59.399] [32mhttp[39m: GET /api/lotteries/zosyj6eoerary1c6zmsv72s9?populate[draws][populate]=prizeImage (17 ms) 200
[2026-07-11 23:48:13.053] [32mhttp[39m: GET /api/lotteries?filters%5BlotteryStatus%5D%5B%24ne%5D=draft&populate%5Bdraws%5D%5Bpopulate%5D=prizeImage&sort=createdAt%3Adesc (14 ms) 200
[2026-07-11 23:48:13.067] [32mhttp[39m: GET /api/ads?filters[active][$eq]=true&populate=image&sort=order:asc (12 ms) 200
[2026-07-11 23:48:13.076] [32mhttp[39m: GET /api/lotteries/zosyj6eoerary1c6zmsv72s9/stats (6 ms) 200
[2026-07-11 23:49:49.781] [32mhttp[39m: GET /api/lotteries?filters%5BlotteryStatus%5D%5B%24ne%5D=draft&populate%5Bdraws%5D%5Bpopulate%5D=prizeImage&sort=createdAt%3Adesc (23 ms) 200
[2026-07-11 23:49:49.807] [32mhttp[39m: GET /api/ads?filters[active][$eq]=true&populate=image&sort=order:asc (22 ms) 200
[2026-07-11 23:49:49.824] [32mhttp[39m: GET /api/lotteries/zosyj6eoerary1c6zmsv72s9/stats (11 ms) 200
[2026-07-11 23:50:01.039] [32mhttp[39m: GET /api/lotteries/zosyj6eoerary1c6zmsv72s9?populate[draws][populate]=prizeImage (17 ms) 200
[2026-07-11 23:50:09.195] [32mhttp[39m: GET /admin (10 ms) 200
[2026-07-11 23:50:09.983] [32mhttp[39m: GET /admin/project-type (5 ms) 200
[2026-07-11 23:50:10.270] [32mhttp[39m: GET /admin/init (5 ms) 200
[2026-07-11 23:50:10.299] [32mhttp[39m: GET /admin/users/me (28 ms) 200
[2026-07-11 23:50:10.337] [32mhttp[39m: GET /admin/users/me/permissions (37 ms) 200
[2026-07-11 23:50:10.386] [32mhttp[39m: GET /admin/telemetry-properties (44 ms) 200
[2026-07-11 23:50:10.387] [32mhttp[39m: GET /admin/information (48 ms) 200
[2026-07-11 23:50:10.501] [32mhttp[39m: GET /admin/guided-tour-meta (33 ms) 200
[2026-07-11 23:50:10.536] [32mhttp[39m: GET /content-manager/homepage/count-documents (25 ms) 200
[2026-07-11 23:50:10.556] [32mhttp[39m: GET /admin/homepage/layout (47 ms) 200
[2026-07-11 23:50:10.580] [32mhttp[39m: GET /admin/homepage/key-statistics (43 ms) 200
[2026-07-11 23:50:10.590] [32mhttp[39m: GET /admin/license-limit-information (86 ms) 200
[2026-07-11 23:50:10.874] [32mhttp[39m: GET /content-manager/homepage/recent-documents?action=update (50 ms) 200
[2026-07-11 23:50:10.912] [32mhttp[39m: GET /content-manager/homepage/recent-documents?action=publish (37 ms) 200
[2026-07-11 23:50:27.884] [32mhttp[39m: GET /content-manager/init (30 ms) 200
[2026-07-11 23:50:27.954] [32mhttp[39m: GET /content-manager/content-types-settings (65 ms) 200
[2026-07-11 23:50:28.098] [32mhttp[39m: GET /content-manager/init (29 ms) 200
[2026-07-11 23:50:28.201] [32mhttp[39m: GET /content-manager/content-types/api::ad.ad/configuration (31 ms) 200
[2026-07-11 23:50:28.280] [32mhttp[39m: GET /content-manager/collection-types/api::ad.ad?page=1&pageSize=10&sort=sponsorName%3AASC (42 ms) 200
[2026-07-11 23:50:36.793] [32mhttp[39m: GET /upload/settings (33 ms) 200
[2026-07-11 23:50:36.820] [32mhttp[39m: GET /upload/configuration (26 ms) 200
[2026-07-11 23:50:36.907] [32mhttp[39m: GET /upload/files?sort=createdAt:DESC&page=1&pageSize=10&filters[$and][0][folder][id][$null]=true (33 ms) 200
[2026-07-11 23:50:36.936] [32mhttp[39m: GET /upload/folders?sort=createdAt:DESC&page=1&pageSize=10&pagination[pageSize]=-1&filters[$and][0][parent][id][$null]=true (22 ms) 200
[2026-07-11 23:50:37.048] [32mhttp[39m: GET /upload/settings (17 ms) 200
[2026-07-11 23:50:37.066] [32mhttp[39m: GET /uploads/receipt_a6a1e9e1d3.png?updatedAt=2026-07-11T19%3A45%3A14.397Z (11 ms) 200
[2026-07-11 23:50:37.069] [32mhttp[39m: GET /uploads/receipt_65e8da24fc.png?updatedAt=2026-07-11T19%3A45%3A14.181Z (10 ms) 200
[2026-07-11 23:50:37.092] [32mhttp[39m: GET /uploads/receipt_9e207eb730.png?updatedAt=2026-07-11T19%3A45%3A13.935Z (13 ms) 200
[2026-07-12 00:12:42.419] [32mhttp[39m: POST /admin/access-token (20 ms) 200
[2026-07-12 00:42:32.456] [32mhttp[39m: POST /admin/access-token (29 ms) 200
[2026-07-12 01:12:33.548] [32mhttp[39m: GET /admin/init (94 ms) 200
[2026-07-12 07:26:32.988] [32mhttp[39m: GET /admin/auth/login (136 ms) 200
